{"/var/nodejs/packages/@quantum_box/@quantum_box_svelte/src/lib/utils/debounce.ts": {"path":"/var/nodejs/packages/@quantum_box/@quantum_box_svelte/src/lib/utils/debounce.ts","all":false,"statementMap":{"0":{"start":{"line":1,"column":0},"end":{"line":1,"column":60}},"1":{"start":{"line":2,"column":0},"end":{"line":2,"column":23}},"2":{"start":{"line":3,"column":0},"end":{"line":3,"column":0}},"3":{"start":{"line":4,"column":0},"end":{"line":4,"column":27}},"4":{"start":{"line":5,"column":0},"end":{"line":5,"column":41}},"5":{"start":{"line":6,"column":0},"end":{"line":6,"column":50}},"6":{"start":{"line":7,"column":0},"end":{"line":7,"column":18}},"7":{"start":{"line":8,"column":0},"end":{"line":8,"column":5}},"8":{"start":{"line":9,"column":0},"end":{"line":9,"column":3}},"9":{"start":{"line":10,"column":0},"end":{"line":10,"column":1}}},"s":{"0":1,"1":1,"2":0,"3":0,"4":0,"5":0,"6":0,"7":0,"8":0,"9":0},"branchMap":{},"b":{},"fnMap":{"0":{"name":"debounce","decl":{"start":{"line":2,"column":5},"end":{"line":10,"column":1}},"loc":{"start":{"line":2,"column":5},"end":{"line":10,"column":1}},"line":2}},"f":{"0":0}}
,"/var/nodejs/packages/@quantum_box/@quantum_box_svelte/src/lib/utils/isPromise.ts": {"path":"/var/nodejs/packages/@quantum_box/@quantum_box_svelte/src/lib/utils/isPromise.ts","all":false,"statementMap":{"0":{"start":{"line":1,"column":0},"end":{"line":1,"column":51}},"1":{"start":{"line":2,"column":0},"end":{"line":2,"column":29}},"2":{"start":{"line":3,"column":0},"end":{"line":3,"column":40}},"3":{"start":{"line":4,"column":0},"end":{"line":4,"column":45}}},"s":{"0":1,"1":1,"2":1,"3":1},"branchMap":{"0":{"type":"branch","line":4,"loc":{"start":{"line":4,"column":34},"end":{"line":4,"column":45}},"locations":[{"start":{"line":4,"column":34},"end":{"line":4,"column":45}}]}},"b":{"0":[3]},"fnMap":{"0":{"name":"isPromise","decl":{"start":{"line":4,"column":34},"end":{"line":4,"column":45}},"loc":{"start":{"line":4,"column":34},"end":{"line":4,"column":45}},"line":4}},"f":{"0":3}}
,"/var/nodejs/packages/@quantum_box/@quantum_box_svelte/src/lib/utils/virtualize.ts": {"path":"/var/nodejs/packages/@quantum_box/@quantum_box_svelte/src/lib/utils/virtualize.ts","all":false,"statementMap":{"0":{"start":{"line":1,"column":0},"end":{"line":1,"column":38}},"1":{"start":{"line":2,"column":0},"end":{"line":2,"column":40}},"2":{"start":{"line":3,"column":0},"end":{"line":3,"column":0}},"3":{"start":{"line":4,"column":0},"end":{"line":4,"column":32}},"4":{"start":{"line":5,"column":0},"end":{"line":5,"column":93}},"5":{"start":{"line":6,"column":0},"end":{"line":6,"column":76}},"6":{"start":{"line":7,"column":0},"end":{"line":7,"column":52}},"7":{"start":{"line":8,"column":0},"end":{"line":8,"column":0}},"8":{"start":{"line":9,"column":0},"end":{"line":9,"column":45}},"9":{"start":{"line":10,"column":0},"end":{"line":10,"column":2}},"10":{"start":{"line":11,"column":0},"end":{"line":11,"column":0}},"11":{"start":{"line":12,"column":0},"end":{"line":12,"column":38}},"12":{"start":{"line":13,"column":0},"end":{"line":13,"column":52}},"13":{"start":{"line":14,"column":0},"end":{"line":14,"column":42}},"14":{"start":{"line":15,"column":0},"end":{"line":15,"column":13}},"15":{"start":{"line":16,"column":0},"end":{"line":16,"column":6}},"16":{"start":{"line":17,"column":0},"end":{"line":17,"column":60}},"17":{"start":{"line":18,"column":0},"end":{"line":18,"column":2}},"18":{"start":{"line":19,"column":0},"end":{"line":19,"column":0}},"19":{"start":{"line":20,"column":0},"end":{"line":20,"column":25}},"20":{"start":{"line":21,"column":0},"end":{"line":21,"column":19}},"21":{"start":{"line":22,"column":0},"end":{"line":22,"column":28}},"22":{"start":{"line":23,"column":0},"end":{"line":23,"column":25}},"23":{"start":{"line":24,"column":0},"end":{"line":24,"column":35}},"24":{"start":{"line":25,"column":0},"end":{"line":25,"column":23}},"25":{"start":{"line":26,"column":0},"end":{"line":26,"column":92}},"26":{"start":{"line":27,"column":0},"end":{"line":27,"column":0}},"27":{"start":{"line":28,"column":0},"end":{"line":28,"column":21}},"28":{"start":{"line":29,"column":0},"end":{"line":29,"column":13}},"29":{"start":{"line":30,"column":0},"end":{"line":30,"column":20}},"30":{"start":{"line":31,"column":0},"end":{"line":31,"column":11}},"31":{"start":{"line":32,"column":0},"end":{"line":32,"column":9}},"32":{"start":{"line":33,"column":0},"end":{"line":33,"column":67}},"33":{"start":{"line":34,"column":0},"end":{"line":34,"column":10}},"34":{"start":{"line":35,"column":0},"end":{"line":35,"column":15}},"35":{"start":{"line":36,"column":0},"end":{"line":36,"column":10}},"36":{"start":{"line":37,"column":0},"end":{"line":37,"column":5}},"37":{"start":{"line":38,"column":0},"end":{"line":38,"column":4}},"38":{"start":{"line":39,"column":0},"end":{"line":39,"column":1}},"39":{"start":{"line":40,"column":0},"end":{"line":40,"column":0}},"40":{"start":{"line":41,"column":0},"end":{"line":41,"column":80}},"41":{"start":{"line":42,"column":0},"end":{"line":42,"column":0}},"42":{"start":{"line":43,"column":0},"end":{"line":43,"column":54}},"43":{"start":{"line":44,"column":0},"end":{"line":44,"column":64}},"44":{"start":{"line":45,"column":0},"end":{"line":45,"column":0}},"45":{"start":{"line":46,"column":0},"end":{"line":46,"column":80}},"46":{"start":{"line":47,"column":0},"end":{"line":47,"column":67}},"47":{"start":{"line":48,"column":0},"end":{"line":48,"column":0}},"48":{"start":{"line":49,"column":0},"end":{"line":49,"column":25}},"49":{"start":{"line":50,"column":0},"end":{"line":50,"column":2}},"50":{"start":{"line":51,"column":0},"end":{"line":51,"column":37}},"51":{"start":{"line":52,"column":0},"end":{"line":52,"column":26}},"52":{"start":{"line":53,"column":0},"end":{"line":53,"column":36}},"53":{"start":{"line":54,"column":0},"end":{"line":54,"column":28}},"54":{"start":{"line":55,"column":0},"end":{"line":55,"column":5}},"55":{"start":{"line":56,"column":0},"end":{"line":56,"column":16}},"56":{"start":{"line":57,"column":0},"end":{"line":57,"column":24}},"57":{"start":{"line":58,"column":0},"end":{"line":58,"column":46}},"58":{"start":{"line":59,"column":0},"end":{"line":59,"column":0}},"59":{"start":{"line":60,"column":0},"end":{"line":60,"column":95}},"60":{"start":{"line":61,"column":0},"end":{"line":61,"column":0}},"61":{"start":{"line":62,"column":0},"end":{"line":62,"column":66}},"62":{"start":{"line":63,"column":0},"end":{"line":63,"column":5}}},"s":{"0":1,"1":1,"2":1,"3":1,"4":1,"5":1,"6":1,"7":18,"8":18,"9":17,"10":1,"11":1,"12":3,"13":1,"14":1,"15":3,"16":3,"17":1,"18":1,"19":1,"20":1,"21":1,"22":2,"23":2,"24":2,"25":2,"26":2,"27":2,"28":2,"29":2,"30":2,"31":2,"32":15,"33":15,"34":15,"35":15,"36":15,"37":15,"38":15,"39":1,"40":1,"41":1,"42":1,"43":1,"44":1,"45":1,"46":1,"47":1,"48":1,"49":3,"50":3,"51":1,"52":1,"53":0,"54":0,"55":0,"56":0,"57":0,"58":0,"59":0,"60":0,"61":0,"62":0},"branchMap":{"0":{"type":"branch","line":5,"loc":{"start":{"line":5,"column":91},"end":{"line":5,"column":93}},"locations":[{"start":{"line":5,"column":91},"end":{"line":5,"column":93}}]},"1":{"type":"branch","line":6,"loc":{"start":{"line":6,"column":13},"end":{"line":6,"column":43}},"locations":[{"start":{"line":6,"column":13},"end":{"line":6,"column":43}}]},"2":{"type":"branch","line":7,"loc":{"start":{"line":7,"column":5},"end":{"line":10,"column":2}},"locations":[{"start":{"line":7,"column":5},"end":{"line":10,"column":2}}]},"3":{"type":"branch","line":9,"loc":{"start":{"line":9,"column":1},"end":{"line":9,"column":41}},"locations":[{"start":{"line":9,"column":1},"end":{"line":9,"column":41}}]},"4":{"type":"branch","line":9,"loc":{"start":{"line":9,"column":37},"end":{"line":10,"column":2}},"locations":[{"start":{"line":9,"column":37},"end":{"line":10,"column":2}}]},"5":{"type":"branch","line":12,"loc":{"start":{"line":12,"column":13},"end":{"line":13,"column":52}},"locations":[{"start":{"line":12,"column":13},"end":{"line":13,"column":52}}]},"6":{"type":"branch","line":15,"loc":{"start":{"line":15,"column":1},"end":{"line":18,"column":2}},"locations":[{"start":{"line":15,"column":1},"end":{"line":18,"column":2}}]},"7":{"type":"branch","line":18,"loc":{"start":{"line":18,"column":0},"end":{"line":22,"column":28}},"locations":[{"start":{"line":18,"column":0},"end":{"line":22,"column":28}}]},"8":{"type":"branch","line":22,"loc":{"start":{"line":22,"column":1},"end":{"line":39,"column":1}},"locations":[{"start":{"line":22,"column":1},"end":{"line":39,"column":1}}]},"9":{"type":"branch","line":32,"loc":{"start":{"line":32,"column":4},"end":{"line":39,"column":1}},"locations":[{"start":{"line":32,"column":4},"end":{"line":39,"column":1}}]},"10":{"type":"branch","line":41,"loc":{"start":{"line":41,"column":13},"end":{"line":41,"column":57}},"locations":[{"start":{"line":41,"column":13},"end":{"line":41,"column":57}}]},"11":{"type":"branch","line":47,"loc":{"start":{"line":47,"column":1},"end":{"line":47,"column":67}},"locations":[{"start":{"line":47,"column":1},"end":{"line":47,"column":67}}]},"12":{"type":"branch","line":47,"loc":{"start":{"line":47,"column":52},"end":{"line":47,"column":67}},"locations":[{"start":{"line":47,"column":52},"end":{"line":47,"column":67}}]},"13":{"type":"branch","line":47,"loc":{"start":{"line":47,"column":52},"end":{"line":47,"column":67}},"locations":[{"start":{"line":47,"column":52},"end":{"line":47,"column":67}}]},"14":{"type":"branch","line":49,"loc":{"start":{"line":49,"column":13},"end":{"line":51,"column":37}},"locations":[{"start":{"line":49,"column":13},"end":{"line":51,"column":37}}]}},"b":{"0":[5],"1":[2],"2":[18],"3":[1],"4":[17],"5":[3],"6":[3],"7":[1],"8":[2],"9":[15],"10":[2],"11":[3],"12":[1],"13":[2],"14":[3]},"fnMap":{"0":{"name":"defaultParser","decl":{"start":{"line":5,"column":91},"end":{"line":5,"column":93}},"loc":{"start":{"line":5,"column":91},"end":{"line":5,"column":93}},"line":5},"1":{"name":"get","decl":{"start":{"line":6,"column":13},"end":{"line":6,"column":43}},"loc":{"start":{"line":6,"column":13},"end":{"line":6,"column":43}},"line":6},"2":{"name":"getPosition","decl":{"start":{"line":7,"column":5},"end":{"line":10,"column":2}},"loc":{"start":{"line":7,"column":5},"end":{"line":10,"column":2}},"line":7},"3":{"name":"get","decl":{"start":{"line":12,"column":13},"end":{"line":13,"column":52}},"loc":{"start":{"line":12,"column":13},"end":{"line":13,"column":52}},"line":12},"4":{"name":"getVisibleItemsLength","decl":{"start":{"line":15,"column":1},"end":{"line":18,"column":2}},"loc":{"start":{"line":15,"column":1},"end":{"line":18,"column":2}},"line":15},"5":{"name":"get","decl":{"start":{"line":18,"column":0},"end":{"line":22,"column":28}},"loc":{"start":{"line":18,"column":0},"end":{"line":22,"column":28}},"line":18},"6":{"name":"getChunk","decl":{"start":{"line":22,"column":1},"end":{"line":39,"column":1}},"loc":{"start":{"line":22,"column":1},"end":{"line":39,"column":1}},"line":22},"7":{"name":"get","decl":{"start":{"line":41,"column":13},"end":{"line":41,"column":57}},"loc":{"start":{"line":41,"column":13},"end":{"line":41,"column":57}},"line":41},"8":{"name":"hasScrolledToTop","decl":{"start":{"line":41,"column":78},"end":{"line":41,"column":80}},"loc":{"start":{"line":41,"column":78},"end":{"line":41,"column":80}},"line":41},"9":{"name":"get","decl":{"start":{"line":43,"column":7},"end":{"line":44,"column":3}},"loc":{"start":{"line":43,"column":7},"end":{"line":44,"column":3}},"line":43},"10":{"name":"hasScrolledToBottom","decl":{"start":{"line":44,"column":30},"end":{"line":44,"column":64}},"loc":{"start":{"line":44,"column":30},"end":{"line":44,"column":64}},"line":44},"11":{"name":"get","decl":{"start":{"line":46,"column":7},"end":{"line":46,"column":74}},"loc":{"start":{"line":46,"column":7},"end":{"line":46,"column":74}},"line":46},"12":{"name":"unwrapNextData","decl":{"start":{"line":47,"column":1},"end":{"line":47,"column":67}},"loc":{"start":{"line":47,"column":1},"end":{"line":47,"column":67}},"line":47},"13":{"name":"get","decl":{"start":{"line":49,"column":13},"end":{"line":51,"column":37}},"loc":{"start":{"line":49,"column":13},"end":{"line":51,"column":37}},"line":49},"14":{"name":"virtualize","decl":{"start":{"line":53,"column":2},"end":{"line":63,"column":5}},"loc":{"start":{"line":53,"column":2},"end":{"line":63,"column":5}},"line":53}},"f":{"0":5,"1":2,"2":18,"3":3,"4":3,"5":1,"6":2,"7":2,"8":0,"9":0,"10":0,"11":0,"12":3,"13":3,"14":0}}
,"/var/nodejs/packages/@quantum_box/@quantum_box_svelte/src/lib/utils/virtualizeGrid.ts": {"path":"/var/nodejs/packages/@quantum_box/@quantum_box_svelte/src/lib/utils/virtualizeGrid.ts","all":false,"statementMap":{"0":{"start":{"line":1,"column":0},"end":{"line":1,"column":42}},"1":{"start":{"line":2,"column":0},"end":{"line":2,"column":0}},"2":{"start":{"line":3,"column":0},"end":{"line":3,"column":61}},"3":{"start":{"line":4,"column":0},"end":{"line":4,"column":8}},"4":{"start":{"line":5,"column":0},"end":{"line":5,"column":7}},"5":{"start":{"line":6,"column":0},"end":{"line":6,"column":11}},"6":{"start":{"line":7,"column":0},"end":{"line":7,"column":8}},"7":{"start":{"line":8,"column":0},"end":{"line":8,"column":9}},"8":{"start":{"line":9,"column":0},"end":{"line":9,"column":58}},"9":{"start":{"line":10,"column":0},"end":{"line":10,"column":10}},"10":{"start":{"line":11,"column":0},"end":{"line":11,"column":0}},"11":{"start":{"line":12,"column":0},"end":{"line":12,"column":22}},"12":{"start":{"line":13,"column":0},"end":{"line":13,"column":10}},"13":{"start":{"line":14,"column":0},"end":{"line":14,"column":21}},"14":{"start":{"line":15,"column":0},"end":{"line":15,"column":17}},"15":{"start":{"line":16,"column":0},"end":{"line":16,"column":71}},"16":{"start":{"line":17,"column":0},"end":{"line":17,"column":39}},"17":{"start":{"line":18,"column":0},"end":{"line":18,"column":4}},"18":{"start":{"line":19,"column":0},"end":{"line":19,"column":2}},"19":{"start":{"line":20,"column":0},"end":{"line":20,"column":2}},"20":{"start":{"line":21,"column":0},"end":{"line":21,"column":0}},"21":{"start":{"line":22,"column":0},"end":{"line":22,"column":57}},"22":{"start":{"line":23,"column":0},"end":{"line":23,"column":83}},"23":{"start":{"line":24,"column":0},"end":{"line":24,"column":0}},"24":{"start":{"line":25,"column":0},"end":{"line":25,"column":55}},"25":{"start":{"line":26,"column":0},"end":{"line":26,"column":18}},"26":{"start":{"line":27,"column":0},"end":{"line":27,"column":11}},"27":{"start":{"line":28,"column":0},"end":{"line":28,"column":12}},"28":{"start":{"line":29,"column":0},"end":{"line":29,"column":12}},"29":{"start":{"line":30,"column":0},"end":{"line":30,"column":4}},"30":{"start":{"line":31,"column":0},"end":{"line":31,"column":2}}},"s":{"0":1,"1":1,"2":1,"3":1,"4":1,"5":1,"6":12,"7":12,"8":12,"9":12,"10":12,"11":12,"12":12,"13":12,"14":12,"15":12,"16":12,"17":12,"18":12,"19":12,"20":1,"21":1,"22":1,"23":0,"24":0,"25":0,"26":0,"27":0,"28":0,"29":0,"30":0},"branchMap":{"0":{"type":"branch","line":6,"loc":{"start":{"line":6,"column":2},"end":{"line":20,"column":2}},"locations":[{"start":{"line":6,"column":2},"end":{"line":20,"column":2}}]},"1":{"type":"branch","line":22,"loc":{"start":{"line":22,"column":7},"end":{"line":23,"column":7}},"locations":[{"start":{"line":22,"column":7},"end":{"line":23,"column":7}}]}},"b":{"0":[12],"1":[1]},"fnMap":{"0":{"name":"gridParseFunction","decl":{"start":{"line":6,"column":2},"end":{"line":20,"column":2}},"loc":{"start":{"line":6,"column":2},"end":{"line":20,"column":2}},"line":6},"1":{"name":"get","decl":{"start":{"line":22,"column":7},"end":{"line":23,"column":7}},"loc":{"start":{"line":22,"column":7},"end":{"line":23,"column":7}},"line":22},"2":{"name":"virtualizeGrid","decl":{"start":{"line":23,"column":19},"end":{"line":31,"column":2}},"loc":{"start":{"line":23,"column":19},"end":{"line":31,"column":2}},"line":23}},"f":{"0":12,"1":1,"2":0}}
,"/var/nodejs/packages/@quantum_box/@quantum_box_svelte/src/tests/fixtures/data.ts": {"path":"/var/nodejs/packages/@quantum_box/@quantum_box_svelte/src/tests/fixtures/data.ts","all":false,"statementMap":{"0":{"start":{"line":1,"column":0},"end":{"line":1,"column":67}},"1":{"start":{"line":2,"column":0},"end":{"line":2,"column":17}},"2":{"start":{"line":3,"column":0},"end":{"line":3,"column":0}},"3":{"start":{"line":4,"column":0},"end":{"line":4,"column":37}},"4":{"start":{"line":5,"column":0},"end":{"line":5,"column":16}},"5":{"start":{"line":6,"column":0},"end":{"line":6,"column":18}},"6":{"start":{"line":7,"column":0},"end":{"line":7,"column":0}},"7":{"start":{"line":8,"column":0},"end":{"line":8,"column":28}},"8":{"start":{"line":9,"column":0},"end":{"line":9,"column":2}},"9":{"start":{"line":10,"column":0},"end":{"line":10,"column":0}},"10":{"start":{"line":11,"column":0},"end":{"line":11,"column":13}},"11":{"start":{"line":12,"column":0},"end":{"line":12,"column":2}}},"s":{"0":1,"1":1,"2":1,"3":1,"4":2,"5":2,"6":112,"7":112,"8":112,"9":112,"10":112,"11":112},"branchMap":{"0":{"type":"branch","line":4,"loc":{"start":{"line":4,"column":1},"end":{"line":12,"column":2}},"locations":[{"start":{"line":4,"column":1},"end":{"line":12,"column":2}}]},"1":{"type":"branch","line":6,"loc":{"start":{"line":6,"column":16},"end":{"line":12,"column":2}},"locations":[{"start":{"line":6,"column":16},"end":{"line":12,"column":2}}]}},"b":{"0":[2],"1":[112]},"fnMap":{"0":{"name":"createOneLevelData","decl":{"start":{"line":4,"column":1},"end":{"line":12,"column":2}},"loc":{"start":{"line":4,"column":1},"end":{"line":12,"column":2}},"line":4}},"f":{"0":2}}
}
